/home/jorge/ros2_ws/src/rob599_hw2/install/rob599_hw2/lib/python3.10/site-packages/rob599_hw2/nasa_action_client.py
/home/jorge/ros2_ws/src/rob599_hw2/install/rob599_hw2/lib/python3.10/site-packages/rob599_hw2/VelocityLimiter.py
/home/jorge/ros2_ws/src/rob599_hw2/install/rob599_hw2/lib/python3.10/site-packages/rob599_hw2/__init__.py
/home/jorge/ros2_ws/src/rob599_hw2/install/rob599_hw2/lib/python3.10/site-packages/rob599_hw2/PublishTwist.py
/home/jorge/ros2_ws/src/rob599_hw2/install/rob599_hw2/lib/python3.10/site-packages/rob599_hw2/TwistChecker.py
/home/jorge/ros2_ws/src/rob599_hw2/install/rob599_hw2/lib/python3.10/site-packages/rob599_hw2/nasa_action_server.py
/home/jorge/ros2_ws/src/rob599_hw2/install/rob599_hw2/lib/python3.10/site-packages/rob599_hw2/__pycache__/nasa_action_client.cpython-310.pyc
/home/jorge/ros2_ws/src/rob599_hw2/install/rob599_hw2/lib/python3.10/site-packages/rob599_hw2/__pycache__/VelocityLimiter.cpython-310.pyc
/home/jorge/ros2_ws/src/rob599_hw2/install/rob599_hw2/lib/python3.10/site-packages/rob599_hw2/__pycache__/__init__.cpython-310.pyc
/home/jorge/ros2_ws/src/rob599_hw2/install/rob599_hw2/lib/python3.10/site-packages/rob599_hw2/__pycache__/PublishTwist.cpython-310.pyc
/home/jorge/ros2_ws/src/rob599_hw2/install/rob599_hw2/lib/python3.10/site-packages/rob599_hw2/__pycache__/TwistChecker.cpython-310.pyc
/home/jorge/ros2_ws/src/rob599_hw2/install/rob599_hw2/lib/python3.10/site-packages/rob599_hw2/__pycache__/nasa_action_server.cpython-310.pyc
/home/jorge/ros2_ws/src/rob599_hw2/install/rob599_hw2/share/ament_index/resource_index/packages/rob599_hw2
/home/jorge/ros2_ws/src/rob599_hw2/install/rob599_hw2/share/rob599_hw2/package.xml
/home/jorge/ros2_ws/src/rob599_hw2/install/rob599_hw2/share/rob599_hw2/launch/speed_limit_launch.py
/home/jorge/ros2_ws/src/rob599_hw2/install/rob599_hw2/share/rob599_hw2/ApplyBrakes.srv
/home/jorge/ros2_ws/src/rob599_hw2/install/rob599_hw2/lib/python3.10/site-packages/rob599_hw2-0.0.0-py3.10.egg-info/PKG-INFO
/home/jorge/ros2_ws/src/rob599_hw2/install/rob599_hw2/lib/python3.10/site-packages/rob599_hw2-0.0.0-py3.10.egg-info/SOURCES.txt
/home/jorge/ros2_ws/src/rob599_hw2/install/rob599_hw2/lib/python3.10/site-packages/rob599_hw2-0.0.0-py3.10.egg-info/entry_points.txt
/home/jorge/ros2_ws/src/rob599_hw2/install/rob599_hw2/lib/python3.10/site-packages/rob599_hw2-0.0.0-py3.10.egg-info/requires.txt
/home/jorge/ros2_ws/src/rob599_hw2/install/rob599_hw2/lib/python3.10/site-packages/rob599_hw2-0.0.0-py3.10.egg-info/dependency_links.txt
/home/jorge/ros2_ws/src/rob599_hw2/install/rob599_hw2/lib/python3.10/site-packages/rob599_hw2-0.0.0-py3.10.egg-info/zip-safe
/home/jorge/ros2_ws/src/rob599_hw2/install/rob599_hw2/lib/python3.10/site-packages/rob599_hw2-0.0.0-py3.10.egg-info/top_level.txt
/home/jorge/ros2_ws/src/rob599_hw2/install/rob599_hw2/lib/rob599_hw2/PublishTwist
/home/jorge/ros2_ws/src/rob599_hw2/install/rob599_hw2/lib/rob599_hw2/TwistChecker
/home/jorge/ros2_ws/src/rob599_hw2/install/rob599_hw2/lib/rob599_hw2/VelocityLimiter
/home/jorge/ros2_ws/src/rob599_hw2/install/rob599_hw2/lib/rob599_hw2/nasa_action_client
/home/jorge/ros2_ws/src/rob599_hw2/install/rob599_hw2/lib/rob599_hw2/nasa_action_server
