[0.668s] DEBUG:colcon:Command line arguments: ['/usr/bin/colcon', 'build', '--packages-select', 'rob599_hw2']
[0.668s] DEBUG:colcon:Parsed command line arguments: Namespace(log_base=None, log_level=None, verb_name='build', build_base='build', install_base='install', merge_install=False, symlink_install=False, test_result_base=None, continue_on_error=False, executor='parallel', parallel_workers=20, event_handlers=None, ignore_user_meta=False, metas=['./colcon.meta'], base_paths=['.'], packages_ignore=None, packages_ignore_regex=None, paths=None, packages_up_to=None, packages_up_to_regex=None, packages_above=None, packages_above_and_dependencies=None, packages_above_depth=None, packages_select_by_dep=None, packages_skip_by_dep=None, packages_skip_up_to=None, packages_select_build_failed=False, packages_skip_build_finished=False, packages_select_test_failures=False, packages_skip_test_passed=False, packages_select=['rob599_hw2'], packages_skip=None, packages_select_regex=None, packages_skip_regex=None, packages_start=None, packages_end=None, allow_overriding=[], cmake_args=None, cmake_target=None, cmake_target_skip_unavailable=False, cmake_clean_cache=False, cmake_clean_first=False, cmake_force_configure=False, ament_cmake_args=None, catkin_cmake_args=None, catkin_skip_building_tests=False, verb_parser=<colcon_defaults.argument_parser.defaults.DefaultArgumentsDecorator object at 0x7f62446a0730>, verb_extension=<colcon_core.verb.build.BuildVerb object at 0x7f624467d9c0>, main=<bound method BuildVerb.main of <colcon_core.verb.build.BuildVerb object at 0x7f624467d9c0>>)
[0.704s] Level 1:colcon.colcon_core.package_discovery:discover_packages(colcon_meta) check parameters
[0.704s] Level 1:colcon.colcon_core.package_discovery:discover_packages(recursive) check parameters
[0.704s] Level 1:colcon.colcon_core.package_discovery:discover_packages(ignore) check parameters
[0.704s] Level 1:colcon.colcon_core.package_discovery:discover_packages(path) check parameters
[0.704s] Level 1:colcon.colcon_core.package_discovery:discover_packages(colcon_meta) discover
[0.704s] Level 1:colcon.colcon_core.package_discovery:discover_packages(recursive) discover
[0.704s] INFO:colcon.colcon_core.package_discovery:Crawling recursively for packages in '/home/jorge/ros2_ws/src/rob599_hw2'
[0.704s] Level 1:colcon.colcon_core.package_identification:_identify(.) by extensions ['ignore', 'ignore_ament_install']
[0.704s] Level 1:colcon.colcon_core.package_identification:_identify(.) by extension 'ignore'
[0.704s] Level 1:colcon.colcon_core.package_identification:_identify(.) by extension 'ignore_ament_install'
[0.704s] Level 1:colcon.colcon_core.package_identification:_identify(.) by extensions ['colcon_pkg']
[0.704s] Level 1:colcon.colcon_core.package_identification:_identify(.) by extension 'colcon_pkg'
[0.704s] Level 1:colcon.colcon_core.package_identification:_identify(.) by extensions ['colcon_meta']
[0.704s] Level 1:colcon.colcon_core.package_identification:_identify(.) by extension 'colcon_meta'
[0.704s] Level 1:colcon.colcon_core.package_identification:_identify(.) by extensions ['ros']
[0.704s] Level 1:colcon.colcon_core.package_identification:_identify(.) by extension 'ros'
[0.713s] DEBUG:colcon.colcon_core.package_identification:Package '.' with type 'ros.ament_python' and name 'rob599_hw2'
[0.713s] Level 1:colcon.colcon_core.package_discovery:discover_packages(recursive) using defaults
[0.713s] Level 1:colcon.colcon_core.package_discovery:discover_packages(ignore) discover
[0.713s] Level 1:colcon.colcon_core.package_discovery:discover_packages(ignore) using defaults
[0.713s] Level 1:colcon.colcon_core.package_discovery:discover_packages(path) discover
[0.713s] Level 1:colcon.colcon_core.package_discovery:discover_packages(path) using defaults
[0.774s] Level 1:colcon.colcon_core.package_discovery:discover_packages(prefix_path) check parameters
[0.774s] Level 1:colcon.colcon_core.package_discovery:discover_packages(prefix_path) discover
[0.801s] DEBUG:colcon.colcon_installed_package_information.package_discovery:Found 28 installed packages in /home/jorge/ros2_ws/install
[0.811s] DEBUG:colcon.colcon_installed_package_information.package_discovery:Found 400 installed packages in /opt/ros/humble
[0.813s] Level 1:colcon.colcon_core.package_discovery:discover_packages(prefix_path) using defaults
[0.879s] Level 5:colcon.colcon_core.verb:set package 'rob599_hw2' build argument 'cmake_args' from command line to 'None'
[0.879s] Level 5:colcon.colcon_core.verb:set package 'rob599_hw2' build argument 'cmake_target' from command line to 'None'
[0.879s] Level 5:colcon.colcon_core.verb:set package 'rob599_hw2' build argument 'cmake_target_skip_unavailable' from command line to 'False'
[0.879s] Level 5:colcon.colcon_core.verb:set package 'rob599_hw2' build argument 'cmake_clean_cache' from command line to 'False'
[0.879s] Level 5:colcon.colcon_core.verb:set package 'rob599_hw2' build argument 'cmake_clean_first' from command line to 'False'
[0.879s] Level 5:colcon.colcon_core.verb:set package 'rob599_hw2' build argument 'cmake_force_configure' from command line to 'False'
[0.879s] Level 5:colcon.colcon_core.verb:set package 'rob599_hw2' build argument 'ament_cmake_args' from command line to 'None'
[0.879s] Level 5:colcon.colcon_core.verb:set package 'rob599_hw2' build argument 'catkin_cmake_args' from command line to 'None'
[0.879s] Level 5:colcon.colcon_core.verb:set package 'rob599_hw2' build argument 'catkin_skip_building_tests' from command line to 'False'
[0.879s] DEBUG:colcon.colcon_core.verb:Building package 'rob599_hw2' with the following arguments: {'ament_cmake_args': None, 'build_base': '/home/jorge/ros2_ws/src/rob599_hw2/build/rob599_hw2', 'catkin_cmake_args': None, 'catkin_skip_building_tests': False, 'cmake_args': None, 'cmake_clean_cache': False, 'cmake_clean_first': False, 'cmake_force_configure': False, 'cmake_target': None, 'cmake_target_skip_unavailable': False, 'install_base': '/home/jorge/ros2_ws/src/rob599_hw2/install/rob599_hw2', 'merge_install': False, 'path': '/home/jorge/ros2_ws/src/rob599_hw2', 'symlink_install': False, 'test_result_base': None}
[0.888s] INFO:colcon.colcon_core.executor:Executing jobs using 'parallel' executor
[0.899s] DEBUG:colcon.colcon_parallel_executor.executor.parallel:run_until_complete
[0.899s] INFO:colcon.colcon_ros.task.ament_python.build:Building ROS package in '/home/jorge/ros2_ws/src/rob599_hw2' with build type 'ament_python'
[0.899s] Level 1:colcon.colcon_core.shell:create_environment_hook('rob599_hw2', 'ament_prefix_path')
[0.910s] INFO:colcon.colcon_core.plugin_system:Skipping extension 'colcon_core.shell.bat': Not used on non-Windows systems
[0.910s] INFO:colcon.colcon_core.shell:Creating environment hook '/home/jorge/ros2_ws/src/rob599_hw2/install/rob599_hw2/share/rob599_hw2/hook/ament_prefix_path.ps1'
[0.910s] INFO:colcon.colcon_core.shell:Creating environment descriptor '/home/jorge/ros2_ws/src/rob599_hw2/install/rob599_hw2/share/rob599_hw2/hook/ament_prefix_path.dsv'
[0.910s] INFO:colcon.colcon_core.shell:Creating environment hook '/home/jorge/ros2_ws/src/rob599_hw2/install/rob599_hw2/share/rob599_hw2/hook/ament_prefix_path.sh'
[0.920s] INFO:colcon.colcon_core.shell:Skip shell extension 'powershell' for command environment: Not usable outside of PowerShell
[0.921s] DEBUG:colcon.colcon_core.shell:Skip shell extension 'dsv' for command environment
[1.152s] INFO:colcon.colcon_core.task.python.build:Building Python package in '/home/jorge/ros2_ws/src/rob599_hw2'
[1.170s] INFO:colcon.colcon_core.shell:Skip shell extension 'powershell' for command environment: Not usable outside of PowerShell
[1.171s] DEBUG:colcon.colcon_core.shell:Skip shell extension 'dsv' for command environment
[1.461s] DEBUG:colcon.colcon_core.event_handler.log_command:Invoking command in '/home/jorge/ros2_ws/src/rob599_hw2': PYTHONPATH=/home/jorge/ros2_ws/src/rob599_hw2/build/rob599_hw2/prefix_override:/home/jorge/ros2_ws/src/rob599_hw2/install/rob599_hw2/lib/python3.10/site-packages:${PYTHONPATH} /usr/bin/python3 setup.py egg_info --egg-base build/rob599_hw2 build --build-base /home/jorge/ros2_ws/src/rob599_hw2/build/rob599_hw2/build install --record /home/jorge/ros2_ws/src/rob599_hw2/build/rob599_hw2/install.log --single-version-externally-managed
[1.680s] DEBUG:colcon.colcon_core.event_handler.log_command:Invoked command in '/home/jorge/ros2_ws/src/rob599_hw2' returned '0': PYTHONPATH=/home/jorge/ros2_ws/src/rob599_hw2/build/rob599_hw2/prefix_override:/home/jorge/ros2_ws/src/rob599_hw2/install/rob599_hw2/lib/python3.10/site-packages:${PYTHONPATH} /usr/bin/python3 setup.py egg_info --egg-base build/rob599_hw2 build --build-base /home/jorge/ros2_ws/src/rob599_hw2/build/rob599_hw2/build install --record /home/jorge/ros2_ws/src/rob599_hw2/build/rob599_hw2/install.log --single-version-externally-managed
[1.690s] Level 1:colcon.colcon_core.environment:checking '/home/jorge/ros2_ws/src/rob599_hw2/install/rob599_hw2' for CMake module files
[1.691s] Level 1:colcon.colcon_core.environment:checking '/home/jorge/ros2_ws/src/rob599_hw2/install/rob599_hw2' for CMake config files
[1.691s] Level 1:colcon.colcon_core.environment:checking '/home/jorge/ros2_ws/src/rob599_hw2/install/rob599_hw2/lib'
[1.691s] Level 1:colcon.colcon_core.environment:checking '/home/jorge/ros2_ws/src/rob599_hw2/install/rob599_hw2/bin'
[1.691s] Level 1:colcon.colcon_core.environment:checking '/home/jorge/ros2_ws/src/rob599_hw2/install/rob599_hw2/lib/pkgconfig/rob599_hw2.pc'
[1.692s] Level 1:colcon.colcon_core.environment:checking '/home/jorge/ros2_ws/src/rob599_hw2/install/rob599_hw2/lib/python3.10/site-packages'
[1.692s] Level 1:colcon.colcon_core.shell:create_environment_hook('rob599_hw2', 'pythonpath')
[1.701s] INFO:colcon.colcon_core.shell:Creating environment hook '/home/jorge/ros2_ws/src/rob599_hw2/install/rob599_hw2/share/rob599_hw2/hook/pythonpath.ps1'
[1.701s] INFO:colcon.colcon_core.shell:Creating environment descriptor '/home/jorge/ros2_ws/src/rob599_hw2/install/rob599_hw2/share/rob599_hw2/hook/pythonpath.dsv'
[1.701s] INFO:colcon.colcon_core.shell:Creating environment hook '/home/jorge/ros2_ws/src/rob599_hw2/install/rob599_hw2/share/rob599_hw2/hook/pythonpath.sh'
[1.702s] Level 1:colcon.colcon_core.environment:checking '/home/jorge/ros2_ws/src/rob599_hw2/install/rob599_hw2/bin'
[1.702s] Level 1:colcon.colcon_core.environment:create_environment_scripts_only(rob599_hw2)
[1.711s] INFO:colcon.colcon_core.shell:Creating package script '/home/jorge/ros2_ws/src/rob599_hw2/install/rob599_hw2/share/rob599_hw2/package.ps1'
[1.712s] INFO:colcon.colcon_core.shell:Creating package descriptor '/home/jorge/ros2_ws/src/rob599_hw2/install/rob599_hw2/share/rob599_hw2/package.dsv'
[1.712s] INFO:colcon.colcon_core.shell:Creating package script '/home/jorge/ros2_ws/src/rob599_hw2/install/rob599_hw2/share/rob599_hw2/package.sh'
[1.713s] INFO:colcon.colcon_core.shell:Creating package script '/home/jorge/ros2_ws/src/rob599_hw2/install/rob599_hw2/share/rob599_hw2/package.bash'
[1.713s] INFO:colcon.colcon_core.shell:Creating package script '/home/jorge/ros2_ws/src/rob599_hw2/install/rob599_hw2/share/rob599_hw2/package.zsh'
[1.713s] Level 1:colcon.colcon_core.environment:create_file_with_runtime_dependencies(/home/jorge/ros2_ws/src/rob599_hw2/install/rob599_hw2/share/colcon-core/packages/rob599_hw2)
[1.714s] DEBUG:colcon.colcon_parallel_executor.executor.parallel:closing loop
[1.714s] DEBUG:colcon.colcon_parallel_executor.executor.parallel:loop closed
[1.714s] DEBUG:colcon.colcon_parallel_executor.executor.parallel:run_until_complete finished with '0'
[1.714s] DEBUG:colcon.colcon_core.event_reactor:joining thread
[1.726s] INFO:colcon.colcon_core.plugin_system:Skipping extension 'colcon_notification.desktop_notification.terminal_notifier': Not used on non-Darwin systems
[1.727s] INFO:colcon.colcon_core.plugin_system:Skipping extension 'colcon_notification.desktop_notification.win32': Not used on non-Windows systems
[1.727s] INFO:colcon.colcon_notification.desktop_notification:Sending desktop notification using 'notify2'
[1.738s] DEBUG:colcon.colcon_core.event_reactor:joined thread
[1.749s] INFO:colcon.colcon_core.shell:Creating prefix script '/home/jorge/ros2_ws/src/rob599_hw2/install/local_setup.ps1'
[1.750s] INFO:colcon.colcon_core.shell:Creating prefix util module '/home/jorge/ros2_ws/src/rob599_hw2/install/_local_setup_util_ps1.py'
[1.750s] INFO:colcon.colcon_core.shell:Creating prefix chain script '/home/jorge/ros2_ws/src/rob599_hw2/install/setup.ps1'
[1.761s] INFO:colcon.colcon_core.shell:Creating prefix script '/home/jorge/ros2_ws/src/rob599_hw2/install/local_setup.sh'
[1.761s] INFO:colcon.colcon_core.shell:Creating prefix util module '/home/jorge/ros2_ws/src/rob599_hw2/install/_local_setup_util_sh.py'
[1.761s] INFO:colcon.colcon_core.shell:Creating prefix chain script '/home/jorge/ros2_ws/src/rob599_hw2/install/setup.sh'
[1.773s] INFO:colcon.colcon_core.shell:Creating prefix script '/home/jorge/ros2_ws/src/rob599_hw2/install/local_setup.bash'
[1.773s] INFO:colcon.colcon_core.shell:Creating prefix chain script '/home/jorge/ros2_ws/src/rob599_hw2/install/setup.bash'
[1.783s] INFO:colcon.colcon_core.shell:Creating prefix script '/home/jorge/ros2_ws/src/rob599_hw2/install/local_setup.zsh'
[1.783s] INFO:colcon.colcon_core.shell:Creating prefix chain script '/home/jorge/ros2_ws/src/rob599_hw2/install/setup.zsh'
