running egg_info
writing build/rob599_hw2/rob599_hw2.egg-info/PKG-INFO
writing dependency_links to build/rob599_hw2/rob599_hw2.egg-info/dependency_links.txt
writing entry points to build/rob599_hw2/rob599_hw2.egg-info/entry_points.txt
writing requirements to build/rob599_hw2/rob599_hw2.egg-info/requires.txt
writing top-level names to build/rob599_hw2/rob599_hw2.egg-info/top_level.txt
reading manifest file 'build/rob599_hw2/rob599_hw2.egg-info/SOURCES.txt'
adding license file 'LICENSE'
writing manifest file 'build/rob599_hw2/rob599_hw2.egg-info/SOURCES.txt'
running build
running build_py
copying rob599_hw2/nasa_action_client.py -> /home/jorge/ros2_ws/src/rob599_hw2/build/rob599_hw2/build/lib/rob599_hw2
running install
running install_lib
copying /home/jorge/ros2_ws/src/rob599_hw2/build/rob599_hw2/build/lib/rob599_hw2/nasa_action_client.py -> /home/jorge/ros2_ws/src/rob599_hw2/install/rob599_hw2/lib/python3.10/site-packages/rob599_hw2
byte-compiling /home/jorge/ros2_ws/src/rob599_hw2/install/rob599_hw2/lib/python3.10/site-packages/rob599_hw2/nasa_action_client.py to nasa_action_client.cpython-310.pyc
running install_data
running install_egg_info
removing '/home/jorge/ros2_ws/src/rob599_hw2/install/rob599_hw2/lib/python3.10/site-packages/rob599_hw2-0.0.0-py3.10.egg-info' (and everything under it)
Copying build/rob599_hw2/rob599_hw2.egg-info to /home/jorge/ros2_ws/src/rob599_hw2/install/rob599_hw2/lib/python3.10/site-packages/rob599_hw2-0.0.0-py3.10.egg-info
running install_scripts
Installing PublishTwist script to /home/jorge/ros2_ws/src/rob599_hw2/install/rob599_hw2/lib/rob599_hw2
Installing TwistChecker script to /home/jorge/ros2_ws/src/rob599_hw2/install/rob599_hw2/lib/rob599_hw2
Installing VelocityLimiter script to /home/jorge/ros2_ws/src/rob599_hw2/install/rob599_hw2/lib/rob599_hw2
Installing nasa_action_client script to /home/jorge/ros2_ws/src/rob599_hw2/install/rob599_hw2/lib/rob599_hw2
Installing nasa_action_server script to /home/jorge/ros2_ws/src/rob599_hw2/install/rob599_hw2/lib/rob599_hw2
writing list of installed files to '/home/jorge/ros2_ws/src/rob599_hw2/build/rob599_hw2/install.log'
